actionid: py27
msg: envreport
cmdargs: ['C:\\Users\\rahul\\Downloads\\flask-developer-challenge-master\\.tox\\py27\\Scripts\\pip.EXE', 'freeze']
env: {'SSH_ASKPASS': 'C:/Program Files/Git/mingw64/libexec/git-core/git-gui--askpass', 'TMP': 'C:\\Users\\rahul\\AppData\\Local\\Temp', 'COMPUTERNAME': 'GHOST', 'VS140COMNTOOLS': 'B:\\Microsoft Visual Studio\\Common7\\Tools\\', 'VS110COMNTOOLS': 'C:\\Program Files (x86)\\Microsoft Visual Studio 11.0\\Common7\\Tools\\', 'USERDOMAIN': 'GHOST', 'PSMODULEPATH': 'C:\\Program Files\\WindowsPowerShell\\Modules;C:\\Windows\\system32\\WindowsPowerShell\\v1.0\\Modules', 'ORIGINAL_TMP': 'C:/Users/rahul/AppData/Local/Temp', 'COMMONPROGRAMFILES': 'C:\\Program Files (x86)\\Common Files', 'PROCESSOR_IDENTIFIER': 'Intel64 Family 6 Model 42 Stepping 7, GenuineIntel', 'MSYSTEM_CHOST': 'x86_64-w64-mingw32', 'ACLOCAL_PATH': 'C:\\Program Files\\Git\\mingw64\\share\\aclocal;C:\\Program Files\\Git\\usr\\share\\aclocal', 'PROCESSOR_REVISION': '2a07', 'PATH': 'C:\\Users\\rahul\\Downloads\\flask-developer-challenge-master\\.tox\\py27\\Scripts;C:\\Users\\rahul\\bin;C:\\Program Files\\Git\\mingw64\\bin;C:\\Program Files\\Git\\usr\\local\\bin;C:\\Program Files\\Git\\usr\\bin;C:\\Program Files\\Git\\usr\\bin;C:\\Program Files\\Git\\mingw64\\bin;C:\\Program Files\\Git\\usr\\bin;C:\\Users\\rahul\\bin;C:\\Python27;C:\\Python27\\Scripts;C:\\ProgramData\\Oracle\\Java\\javapath;C:\\Windows\\system32;C:\\Windows;C:\\Windows\\System32\\Wbem;C:\\Windows\\System32\\WindowsPowerShell\\v1.0;C:\\Program Files (x86)\\ATI Technologies\\ATI.ACE\\Core-Static;C:\\Program Files (x86)\\Skype\\Phone;C:\\Program Files\\Microsoft SQL Server\\120\\Tools\\Binn;C:\\Android;C:\\Windows\\System32;C:\\Program Files (x86)\\Microsoft VS Code\\bin;C:\\adb;C:\\Users\\rahul\\.dnx\\bin;C:\\Program Files\\Microsoft DNX\\Dnvm;C:\\Program Files\\Microsoft SQL Server\\130\\Tools\\Binn;C:\\Program Files\\Git\\cmd;C:\\Program Files\\nodejs;C:\\Program Files (x86)\\Microsoft VS Code\\bin;C:\\Users\\rahul\\AppData\\Roaming\\npm;C:\\Program Files\\Git\\usr\\bin\\vendor_perl;C:\\Program Files\\Git\\usr\\bin\\core_perl', 'HOME': 'C:\\Users\\rahul', 'EXEPATH': 'C:\\Program Files\\Git', 'PS1': '\\[\\033]0;$TITLEPREFIX:${PWD//[^[:ascii:]]/?}\\007\\]\\n\\[\\033[32m\\]\\u@\\h \\[\\033[35m\\]$MSYSTEM \\[\\033[33m\\]\\w\\[\\033[36m\\]`__git_ps1`\\[\\033[0m\\]\\n$ ', 'DISPLAY': 'needs-to-be-defined', 'MSYSTEM': 'MINGW64', 'INFOPATH': 'C:\\Program Files\\Git\\usr\\local\\info;C:\\Program Files\\Git\\usr\\share\\info;C:\\Program Files\\Git\\usr\\info;C:\\Program Files\\Git\\share\\info', 'TERM': 'xterm', 'SHELL': 'C:\\Program Files\\Git\\usr\\bin\\bash', 'TEMP': 'C:\\Users\\rahul\\AppData\\Local\\Temp', 'PLINK_PROTOCOL': 'ssh', 'SHLVL': '1', 'COMMONPROGRAMFILES(X86)': 'C:\\Program Files (x86)\\Common Files', 'PYTHONHASHSEED': '554', 'PROCESSOR_ARCHITECTURE': 'x86', 'PATHEXT': '.COM;.EXE;.BAT;.CMD;.VBS;.VBE;.JS;.JSE;.WSF;.WSH;.MSC', 'ORIGINAL_TEMP': 'C:/Users/rahul/AppData/Local/Temp', 'OLDPWD': 'C:/Users/rahul/Downloads/flask-developer-challenge-master', 'ALLUSERSPROFILE': 'C:\\ProgramData', 'USERPROFILE': 'C:\\Users\\rahul', 'TMPDIR': 'C:\\Users\\rahul\\AppData\\Local\\Temp', 'MANPATH': 'C:\\Program Files\\Git\\mingw64\\share\\man;C:\\Program Files\\Git\\usr\\local\\man;C:\\Program Files\\Git\\usr\\share\\man;C:\\Program Files\\Git\\usr\\man;C:\\Program Files\\Git\\share\\man', 'HOMEPATH': '\\Users\\rahul', 'USERDOMAIN_ROAMINGPROFILE': 'GHOST', 'VS120COMNTOOLS': 'B:\\Visual Studio Files\\Visual Studio 2013\\Common7\\Tools\\', 'PROGRAMW6432': 'C:\\Program Files', 'USERNAME': 'rahul', 'MINGW_CHOST': 'x86_64-w64-mingw32', 'LOGONSERVER': '\\\\MicrosoftAccount', 'SYSTEMROOT': 'C:\\Windows', 'COMSPEC': 'C:\\Windows\\system32\\cmd.exe', 'PROGRAMDATA': 'C:\\ProgramData', 'ONEDRIVE': 'C:\\Users\\rahul\\OneDrive', 'VIRTUAL_ENV': 'C:\\Users\\rahul\\Downloads\\flask-developer-challenge-master\\.tox\\py27', 'PRINTER': 'Microsoft Print to PDF', 'SESSIONNAME': 'Console', 'PKG_CONFIG_PATH': 'C:\\Program Files\\Git\\mingw64\\lib\\pkgconfig;C:\\Program Files\\Git\\mingw64\\share\\pkgconfig', 'LC_ALL': 'C', 'MSYSTEM_PREFIX': 'C:/Program Files/Git/mingw64', 'MSYSTEM_CARCH': 'x86_64', '_': 'C:/Python27/Scripts/tox', 'ORIGINAL_PATH': 'C:\\Program Files\\Git\\mingw64\\bin;C:\\Program Files\\Git\\usr\\bin;C:\\Users\\rahul\\bin;C:\\Python27;C:\\Python27\\Scripts;C:\\ProgramData\\Oracle\\Java\\javapath;C:\\Windows\\system32;C:\\Windows;C:\\Windows\\System32\\Wbem;C:\\Windows\\System32\\WindowsPowerShell\\v1.0;C:\\Program Files (x86)\\ATI Technologies\\ATI.ACE\\Core-Static;C:\\Program Files (x86)\\Skype\\Phone;C:\\Program Files\\Microsoft SQL Server\\120\\Tools\\Binn;C:\\Android;C:\\Windows\\System32;C:\\Program Files (x86)\\Microsoft VS Code\\bin;C:\\adb;C:\\Users\\rahul\\.dnx\\bin;C:\\Program Files\\Microsoft DNX\\Dnvm;C:\\Program Files\\Microsoft SQL Server\\130\\Tools\\Binn;C:\\Program Files\\Git\\cmd;C:\\Program Files\\nodejs;C:\\Program Files (x86)\\Microsoft VS Code\\bin;C:\\Users\\rahul\\AppData\\Roaming\\npm', 'CONFIG_SITE': 'C:/Program Files/Git/mingw64/etc/config.site', 'HOMEDRIVE': 'C:', 'APPDATA': 'C:\\Users\\rahul\\AppData\\Roaming', 'PROGRAMFILES': 'C:\\Program Files (x86)', 'OS': 'Windows_NT', 'SYSTEMDRIVE': 'C:', 'HOSTNAME': 'GHOST', 'MINGW_PACKAGE_PREFIX': 'mingw-w64-x86_64', 'NUMBER_OF_PROCESSORS': '4', 'PWD': 'C:/Users/rahul/Downloads/flask-developer-challenge-master/gistapi', 'PROCESSOR_LEVEL': '6', 'MINGW_PREFIX': 'C:/Program Files/Git/mingw64', 'PROCESSOR_ARCHITEW6432': 'AMD64', 'PROGRAMFILES(X86)': 'C:\\Program Files (x86)', 'COMMONPROGRAMW6432': 'C:\\Program Files\\Common Files', 'WINDIR': 'C:\\Windows', 'PUBLIC': 'C:\\Users\\Public', 'ANDROID_SDK_HOME': 'C:\\Users\\rahul\\.android', 'LOCALAPPDATA': 'C:\\Users\\rahul\\AppData\\Local'}

cffi==1.5.2
colorama==0.3.7
cryptography==1.2.3
enum34==1.1.2
Flask==0.10.1
gistapi==0.1.0
gunicorn==19.4.5
idna==2.0
ipaddress==1.0.16
itsdangerous==0.24
Jinja2==2.8
MarkupSafe==0.23
ndg-httpsclient==0.4.0
py==1.4.32
pyasn1==0.1.9
pycparser==2.14
pyOpenSSL==0.15.1
pytest==3.0.5
requests==2.9.1
six==1.10.0
Werkzeug==0.11.4
